<?xml version="1.0" encoding="UTF-8"?>
<!-- Generated by org.testng.reporters.JUnitReportReporter -->
<testsuite hostname="ASDP1760PO02529" name="com.qait.AdvanceTactoc.Advancetactoc.AdvanceTest" tests="4" failures="0" timestamp="29 Jun 2018 10:43:49 GMT" time="8.846" errors="0">
  <testcase name="GetRest" time="3.233" classname="com.qait.AdvanceTactoc.Advancetactoc.AdvanceTest"/>
  <testcase name="DownloadAndSubmit" time="3.400" classname="com.qait.AdvanceTactoc.Advancetactoc.AdvanceTest"/>
  <testcase name="Menu_Item2" time="1.778" classname="com.qait.AdvanceTactoc.Advancetactoc.AdvanceTest"/>
  <testcase name="Home_Advance_Tactoc" time="0.435" classname="com.qait.AdvanceTactoc.Advancetactoc.AdvanceTest"/>
</testsuite> <!-- com.qait.AdvanceTactoc.Advancetactoc.AdvanceTest -->
